  Game.cpp
  GameState.cpp
S:\Users\sszyn\source\repos\Doodle Jump\Doodle Jump\GameState.cpp(6,58): warning C4244: '=': conversion from 'float' to 'int', possible loss of data
S:\Users\sszyn\source\repos\Doodle Jump\Doodle Jump\GameState.cpp(28,12): warning C4244: 'argument': conversion from 'time_t' to 'unsigned int', possible loss of data
S:\Users\sszyn\source\repos\Doodle Jump\Doodle Jump\GameState.cpp(43,46): warning C4244: 'argument': conversion from 'T' to 'T', possible loss of data
          with
          [
              T=unsigned int
          ]
          and
          [
              T=float
          ]
S:\Users\sszyn\source\repos\Doodle Jump\Doodle Jump\GameState.cpp(89,84): warning C4244: 'argument': conversion from 'int' to 'T', possible loss of data
          with
          [
              T=float
          ]
S:\Users\sszyn\source\repos\Doodle Jump\Doodle Jump\GameState.cpp(89,65): warning C4244: 'argument': conversion from 'int' to 'T', possible loss of data
          with
          [
              T=float
          ]
  HighscoreState.cpp
S:\Users\sszyn\source\repos\Doodle Jump\Doodle Jump\HighscoreState.cpp(61,6): warning C4101: 'a': unreferenced local variable
  MainMenuState.cpp
S:\Users\sszyn\source\repos\Doodle Jump\Doodle Jump\MainMenuState.cpp(18,73): warning C4244: 'argument': conversion from 'T' to 'T', possible loss of data
          with
          [
              T=unsigned int
          ]
          and
          [
              T=float
          ]
S:\Users\sszyn\source\repos\Doodle Jump\Doodle Jump\MainMenuState.cpp(19,79): warning C4244: 'argument': conversion from 'T' to 'T', possible loss of data
          with
          [
              T=unsigned int
          ]
          and
          [
              T=float
          ]
S:\Users\sszyn\source\repos\Doodle Jump\Doodle Jump\MainMenuState.cpp(20,72): warning C4244: 'argument': conversion from 'T' to 'T', possible loss of data
          with
          [
              T=unsigned int
          ]
          and
          [
              T=float
          ]
  Player.cpp
S:\Users\sszyn\source\repos\Doodle Jump\Doodle Jump\Player.cpp(34,18): warning C4305: '*=': truncation from 'double' to 'T'
          with
          [
              T=float
          ]
S:\Users\sszyn\source\repos\Doodle Jump\Doodle Jump\Player.cpp(64,36): warning C4244: 'return': conversion from 'const T' to 'int', possible loss of data
          with
          [
              T=float
          ]
  Source.cpp
  Generating Code...
  Doodle Jump.vcxproj -> S:\Users\sszyn\source\repos\Doodle Jump\Debug\Doodle Jump.exe
