Build started 02.05.2022 04:04:15.
Logging verbosity is set to: Normal.     1>Project "A:\temp\Blueprints_Gravitris\Blueprints_Tetris\Blueprints_Tetris.vcxproj" on node 2 (Build target(s)).
     1>PrepareForBuild:
         Creating directory "A:\temp\Blueprints_Gravitris\x64\Debug\".
         Creating directory "x64\Debug\Blueprin.a5c7e28c.tlog\".
       InitializeBuildStatus:
         Creating "x64\Debug\Blueprin.a5c7e28c.tlog\unsuccessfulbuild" because "AlwaysCreate" was specified.
       ClCompile:
         D:\Program Files (x86)\Microsoft Visual Studio\2019\Community\VC\Tools\MSVC\14.29.30133\bin\HostX86\x64\CL.exe /c /IA:\temp\Blueprints_Gravitris\packages\Box2D.2.3.0\build\native\../..//build/native/include/ /IA:\temp\Blueprints_Gravitris\packages\Box2D.2.3.0\build\native\../..//build/native/include/\Box2D /IS:\Users\sszyn\source\SFML\include /ZI /JMC /nologo /W3 /WX- /diagnostics:column /sdl /Od /D _DEBUG /D _CONSOLE /D WIN32 /D _DEBUG /D _CONSOLE /D _UNICODE /D UNICODE /Gm- /EHsc /RTC1 /MDd /GS /fp:precise /permissive- /Zc:wchar_t /Zc:forScope /Zc:inline /std:c++latest /Fo"x64\Debug\\" /Fd"x64\Debug\vc142.pdb" /external:W3 /Gd /TP /FC /errorReport:prompt Board.cpp Configuration.cpp Game.cpp Piece.cpp Source.cpp Stats.cpp
         Board.cpp
     1>A:\temp\Blueprints_Gravitris\Blueprints_Tetris\Piece.h(22,25): warning C4240: nonstandard extension used: access to 'Piece::TetriminoTypes' now defined to be 'public', previously it was defined to be 'private'
       A:\temp\Blueprints_Gravitris\Blueprints_Tetris\Piece.h(12): message : see declaration of 'Piece::TetriminoTypes'
     1>A:\temp\Blueprints_Gravitris\Blueprints_Tetris\Board.h(48,77): error C2039: 'Tetrimino_Types': is not a member of 'Piece'
       A:\temp\Blueprints_Gravitris\Blueprints_Tetris\Piece.h(8): message : see declaration of 'Piece'
     1>A:\temp\Blueprints_Gravitris\Blueprints_Tetris\Board.h(48,93): error C2061: syntax error: identifier 'Tetrimino_Types'
     1>A:\temp\Blueprints_Gravitris\Blueprints_Tetris\Board.h(49,77): error C2039: 'Tetrimino_Types': is not a member of 'Piece'
       A:\temp\Blueprints_Gravitris\Blueprints_Tetris\Piece.h(8): message : see declaration of 'Piece'
     1>A:\temp\Blueprints_Gravitris\Blueprints_Tetris\Board.h(49,93): error C2061: syntax error: identifier 'Tetrimino_Types'
     1>A:\temp\Blueprints_Gravitris\Blueprints_Tetris\Board.h(49,160): error C2535: 'void Board::flood(int,int,int,int)': member function already defined or declared
       A:\temp\Blueprints_Gravitris\Blueprints_Tetris\Board.h(48): message : see declaration of 'Board::flood'
     1>A:\temp\Blueprints_Gravitris\Blueprints_Tetris\Board.cpp(26,57): warning C4244: 'argument': conversion from 'int' to 'T', possible loss of data
                 with
                 [
                     T=float
                 ]
     1>A:\temp\Blueprints_Gravitris\Blueprints_Tetris\Board.cpp(27,77): warning C4244: 'argument': conversion from 'int' to 'T', possible loss of data
                 with
                 [
                     T=float
                 ]
     1>A:\temp\Blueprints_Gravitris\Blueprints_Tetris\Board.cpp(27,65): warning C4244: 'argument': conversion from 'int' to 'T', possible loss of data
                 with
                 [
                     T=float
                 ]
     1>A:\temp\Blueprints_Gravitris\Blueprints_Tetris\Board.cpp(34,73): warning C4244: 'argument': conversion from 'int' to 'T', possible loss of data
                 with
                 [
                     T=float
                 ]
     1>A:\temp\Blueprints_Gravitris\Blueprints_Tetris\Board.cpp(35,94): warning C4244: 'argument': conversion from 'int' to 'T', possible loss of data
                 with
                 [
                     T=float
                 ]
     1>A:\temp\Blueprints_Gravitris\Blueprints_Tetris\Board.cpp(35,77): warning C4244: 'argument': conversion from 'int' to 'T', possible loss of data
                 with
                 [
                     T=float
                 ]
     1>A:\temp\Blueprints_Gravitris\Blueprints_Tetris\Board.cpp(58,71): warning C4244: 'argument': conversion from 'const int' to 'T', possible loss of data
                 with
                 [
                     T=float
                 ]
     1>A:\temp\Blueprints_Gravitris\Blueprints_Tetris\Board.cpp(58,63): warning C4244: 'argument': conversion from 'const int' to 'T', possible loss of data
                 with
                 [
                     T=float
                 ]
     1>A:\temp\Blueprints_Gravitris\Blueprints_Tetris\Board.cpp(59,51): error C2039: 'Tetrimino_colors': is not a member of 'Piece'
       A:\temp\Blueprints_Gravitris\Blueprints_Tetris\Piece.h(8): message : see declaration of 'Piece'
     1>A:\temp\Blueprints_Gravitris\Blueprints_Tetris\Board.cpp(59,67): error C2065: 'Tetrimino_colors': undeclared identifier
     1>A:\temp\Blueprints_Gravitris\Blueprints_Tetris\Board.cpp(60,57): warning C4244: 'argument': conversion from 'int' to 'float', possible loss of data
     1>A:\temp\Blueprints_Gravitris\Blueprints_Tetris\Board.cpp(60,45): warning C4244: 'argument': conversion from 'int' to 'float', possible loss of data
     1>A:\temp\Blueprints_Gravitris\Blueprints_Tetris\Board.cpp(72,15): error C2039: 'setPosition': is not a member of 'Piece'
       A:\temp\Blueprints_Gravitris\Blueprints_Tetris\Piece.h(8): message : see declaration of 'Piece'
     1>A:\temp\Blueprints_Gravitris\Blueprints_Tetris\Board.cpp(86,26): error C2039: 'getPosX': is not a member of 'Piece'
       A:\temp\Blueprints_Gravitris\Blueprints_Tetris\Piece.h(8): message : see declaration of 'Piece'
     1>A:\temp\Blueprints_Gravitris\Blueprints_Tetris\Board.cpp(87,26): error C2039: 'getPosY': is not a member of 'Piece'
       A:\temp\Blueprints_Gravitris\Blueprints_Tetris\Piece.h(8): message : see declaration of 'Piece'
     1>A:\temp\Blueprints_Gravitris\Blueprints_Tetris\Board.cpp(93,29): error C2039: 'MATRIX_SIZE': is not a member of 'Piece'
       A:\temp\Blueprints_Gravitris\Blueprints_Tetris\Piece.h(8): message : see declaration of 'Piece'
     1>A:\temp\Blueprints_Gravitris\Blueprints_Tetris\Board.cpp(93,40): error C2065: 'MATRIX_SIZE': undeclared identifier
     1>A:\temp\Blueprints_Gravitris\Blueprints_Tetris\Board.cpp(93,49): error C2039: 'MATRIX_SIZE': is not a member of 'Piece'
       A:\temp\Blueprints_Gravitris\Blueprints_Tetris\Piece.h(8): message : see declaration of 'Piece'
     1>A:\temp\Blueprints_Gravitris\Blueprints_Tetris\Board.cpp(93,60): error C2065: 'MATRIX_SIZE': undeclared identifier
     1>A:\temp\Blueprints_Gravitris\Blueprints_Tetris\Board.cpp(98,25): error C2039: 'PIVOT_X': is not a member of 'Piece'
       A:\temp\Blueprints_Gravitris\Blueprints_Tetris\Piece.h(8): message : see declaration of 'Piece'
     1>A:\temp\Blueprints_Gravitris\Blueprints_Tetris\Board.cpp(98,32): error C2065: 'PIVOT_X': undeclared identifier
     1>A:\temp\Blueprints_Gravitris\Blueprints_Tetris\Board.cpp(99,25): error C2039: 'PIVOT_Y': is not a member of 'Piece'
       A:\temp\Blueprints_Gravitris\Blueprints_Tetris\Piece.h(8): message : see declaration of 'Piece'
     1>A:\temp\Blueprints_Gravitris\Blueprints_Tetris\Board.cpp(99,32): error C2065: 'PIVOT_Y': undeclared identifier
     1>A:\temp\Blueprints_Gravitris\Blueprints_Tetris\Board.cpp(100,19): error C2039: 'getType': is not a member of 'Piece'
       A:\temp\Blueprints_Gravitris\Blueprints_Tetris\Piece.h(8): message : see declaration of 'Piece'
     1>A:\temp\Blueprints_Gravitris\Blueprints_Tetris\Board.cpp(101,19): error C2039: 'getRotation': is not a member of 'Piece'
       A:\temp\Blueprints_Gravitris\Blueprints_Tetris\Piece.h(8): message : see declaration of 'Piece'
     1>A:\temp\Blueprints_Gravitris\Blueprints_Tetris\Board.cpp(107,19): error C2039: 'setPosition': is not a member of 'Piece'
       A:\temp\Blueprints_Gravitris\Blueprints_Tetris\Piece.h(8): message : see declaration of 'Piece'
     1>A:\temp\Blueprints_Gravitris\Blueprints_Tetris\Board.cpp(118,29): error C2039: 'MATRIX_SIZE': is not a member of 'Piece'
       A:\temp\Blueprints_Gravitris\Blueprints_Tetris\Piece.h(8): message : see declaration of 'Piece'
     1>A:\temp\Blueprints_Gravitris\Blueprints_Tetris\Board.cpp(118,40): error C2065: 'MATRIX_SIZE': undeclared identifier
     1>A:\temp\Blueprints_Gravitris\Blueprints_Tetris\Board.cpp(118,49): error C2039: 'MATRIX_SIZE': is not a member of 'Piece'
       A:\temp\Blueprints_Gravitris\Blueprints_Tetris\Piece.h(8): message : see declaration of 'Piece'
     1>A:\temp\Blueprints_Gravitris\Blueprints_Tetris\Board.cpp(118,60): error C2065: 'MATRIX_SIZE': undeclared identifier
     1>A:\temp\Blueprints_Gravitris\Blueprints_Tetris\Board.cpp(121,21): error C2039: 'getPosX': is not a member of 'Piece'
       A:\temp\Blueprints_Gravitris\Blueprints_Tetris\Piece.h(8): message : see declaration of 'Piece'
     1>A:\temp\Blueprints_Gravitris\Blueprints_Tetris\Board.cpp(122,19): error C2039: 'getPosY': is not a member of 'Piece'
       A:\temp\Blueprints_Gravitris\Blueprints_Tetris\Piece.h(8): message : see declaration of 'Piece'
     1>A:\temp\Blueprints_Gravitris\Blueprints_Tetris\Board.cpp(123,25): error C2039: 'PIVOT_X': is not a member of 'Piece'
       A:\temp\Blueprints_Gravitris\Blueprints_Tetris\Piece.h(8): message : see declaration of 'Piece'
     1>A:\temp\Blueprints_Gravitris\Blueprints_Tetris\Board.cpp(123,32): error C2065: 'PIVOT_X': undeclared identifier
     1>A:\temp\Blueprints_Gravitris\Blueprints_Tetris\Board.cpp(124,25): error C2039: 'PIVOT_Y': is not a member of 'Piece'
       A:\temp\Blueprints_Gravitris\Blueprints_Tetris\Piece.h(8): message : see declaration of 'Piece'
     1>A:\temp\Blueprints_Gravitris\Blueprints_Tetris\Board.cpp(124,32): error C2065: 'PIVOT_Y': undeclared identifier
     1>A:\temp\Blueprints_Gravitris\Blueprints_Tetris\Board.cpp(125,19): error C2039: 'getType': is not a member of 'Piece'
       A:\temp\Blueprints_Gravitris\Blueprints_Tetris\Piece.h(8): message : see declaration of 'Piece'
     1>A:\temp\Blueprints_Gravitris\Blueprints_Tetris\Board.cpp(126,19): error C2039: 'getRotation': is not a member of 'Piece'
       A:\temp\Blueprints_Gravitris\Blueprints_Tetris\Piece.h(8): message : see declaration of 'Piece'
     1>A:\temp\Blueprints_Gravitris\Blueprints_Tetris\Board.cpp(121,9): error C2661: 'Board::flood': no overloaded function takes 5 arguments
     1>A:\temp\Blueprints_Gravitris\Blueprints_Tetris\Board.cpp(144,30): error C2039: 'getRotation': is not a member of 'Piece'
       A:\temp\Blueprints_Gravitris\Blueprints_Tetris\Piece.h(8): message : see declaration of 'Piece'
     1>A:\temp\Blueprints_Gravitris\Blueprints_Tetris\Board.cpp(148,31): error C2039: 'NB_ROTATIONS': is not a member of 'Piece'
       A:\temp\Blueprints_Gravitris\Blueprints_Tetris\Piece.h(8): message : see declaration of 'Piece'
     1>A:\temp\Blueprints_Gravitris\Blueprints_Tetris\Board.cpp(148,44): error C2065: 'NB_ROTATIONS': undeclared identifier
     1>A:\temp\Blueprints_Gravitris\Blueprints_Tetris\Board.cpp(155,30): error C2039: 'getRotation': is not a member of 'Piece'
       A:\temp\Blueprints_Gravitris\Blueprints_Tetris\Piece.h(8): message : see declaration of 'Piece'
     1>A:\temp\Blueprints_Gravitris\Blueprints_Tetris\Board.cpp(156,31): error C2039: 'NB_ROTATIONS': is not a member of 'Piece'
       A:\temp\Blueprints_Gravitris\Blueprints_Tetris\Piece.h(8): message : see declaration of 'Piece'
     1>A:\temp\Blueprints_Gravitris\Blueprints_Tetris\Board.cpp(156,12): error C2065: 'NB_ROTATIONS': undeclared identifier
     1>A:\temp\Blueprints_Gravitris\Blueprints_Tetris\Board.cpp(172,9): error C2039: 'NB_ROTATIONS': is not a member of 'Piece'
       A:\temp\Blueprints_Gravitris\Blueprints_Tetris\Piece.h(8): message : see declaration of 'Piece'
     1>A:\temp\Blueprints_Gravitris\Blueprints_Tetris\Board.cpp(172,9): error C2065: 'NB_ROTATIONS': undeclared identifier
     1>A:\temp\Blueprints_Gravitris\Blueprints_Tetris\Board.cpp(178,29): error C2039: 'MATRIX_SIZE': is not a member of 'Piece'
       A:\temp\Blueprints_Gravitris\Blueprints_Tetris\Piece.h(8): message : see declaration of 'Piece'
     1>A:\temp\Blueprints_Gravitris\Blueprints_Tetris\Board.cpp(178,40): error C2065: 'MATRIX_SIZE': undeclared identifier
     1>A:\temp\Blueprints_Gravitris\Blueprints_Tetris\Board.cpp(178,49): error C2039: 'MATRIX_SIZE': is not a member of 'Piece'
       A:\temp\Blueprints_Gravitris\Blueprints_Tetris\Piece.h(8): message : see declaration of 'Piece'
     1>A:\temp\Blueprints_Gravitris\Blueprints_Tetris\Board.cpp(178,60): error C2065: 'MATRIX_SIZE': undeclared identifier
     1>A:\temp\Blueprints_Gravitris\Blueprints_Tetris\Board.cpp(181,26): error C2039: 'getPosX': is not a member of 'Piece'
       A:\temp\Blueprints_Gravitris\Blueprints_Tetris\Piece.h(8): message : see declaration of 'Piece'
     1>A:\temp\Blueprints_Gravitris\Blueprints_Tetris\Board.cpp(182,24): error C2039: 'getPosY': is not a member of 'Piece'
       A:\temp\Blueprints_Gravitris\Blueprints_Tetris\Piece.h(8): message : see declaration of 'Piece'
     1>A:\temp\Blueprints_Gravitris\Blueprints_Tetris\Board.cpp(183,25): error C2039: 'PIVOT_X': is not a member of 'Piece'
       A:\temp\Blueprints_Gravitris\Blueprints_Tetris\Piece.h(8): message : see declaration of 'Piece'
     1>A:\temp\Blueprints_Gravitris\Blueprints_Tetris\Board.cpp(183,32): error C2065: 'PIVOT_X': undeclared identifier
     1>A:\temp\Blueprints_Gravitris\Blueprints_Tetris\Board.cpp(184,25): error C2039: 'PIVOT_Y': is not a member of 'Piece'
       A:\temp\Blueprints_Gravitris\Blueprints_Tetris\Piece.h(8): message : see declaration of 'Piece'
     1>A:\temp\Blueprints_Gravitris\Blueprints_Tetris\Board.cpp(184,32): error C2065: 'PIVOT_Y': undeclared identifier
     1>A:\temp\Blueprints_Gravitris\Blueprints_Tetris\Board.cpp(185,19): error C2039: 'getType': is not a member of 'Piece'
       A:\temp\Blueprints_Gravitris\Blueprints_Tetris\Piece.h(8): message : see declaration of 'Piece'
     1>A:\temp\Blueprints_Gravitris\Blueprints_Tetris\Board.cpp(181,9): error C2661: 'Board::flood': no overloaded function takes 6 arguments
     1>A:\temp\Blueprints_Gravitris\Blueprints_Tetris\Board.cpp(192,19): error C2039: 'setRotation': is not a member of 'Piece'
       A:\temp\Blueprints_Gravitris\Blueprints_Tetris\Piece.h(8): message : see declaration of 'Piece'
     1>A:\temp\Blueprints_Gravitris\Blueprints_Tetris\Board.cpp(202,28): error C2039: 'getType': is not a member of 'Piece'
       A:\temp\Blueprints_Gravitris\Blueprints_Tetris\Piece.h(8): message : see declaration of 'Piece'
     1>A:\temp\Blueprints_Gravitris\Blueprints_Tetris\Board.cpp(202,37): error C2661: 'Board::flood': no overloaded function takes 1 arguments
     1>A:\temp\Blueprints_Gravitris\Blueprints_Tetris\Board.cpp(214,29): error C2039: 'MATRIX_SIZE': is not a member of 'Piece'
       A:\temp\Blueprints_Gravitris\Blueprints_Tetris\Piece.h(8): message : see declaration of 'Piece'
     1>A:\temp\Blueprints_Gravitris\Blueprints_Tetris\Board.cpp(214,40): error C2065: 'MATRIX_SIZE': undeclared identifier
     1>A:\temp\Blueprints_Gravitris\Blueprints_Tetris\Board.cpp(214,49): error C2039: 'MATRIX_SIZE': is not a member of 'Piece'
       A:\temp\Blueprints_Gravitris\Blueprints_Tetris\Piece.h(8): message : see declaration of 'Piece'
     1>A:\temp\Blueprints_Gravitris\Blueprints_Tetris\Board.cpp(214,60): error C2065: 'MATRIX_SIZE': undeclared identifier
     1>A:\temp\Blueprints_Gravitris\Blueprints_Tetris\Board.cpp(216,26): error C2039: 'getPosX': is not a member of 'Piece'
       A:\temp\Blueprints_Gravitris\Blueprints_Tetris\Piece.h(8): message : see declaration of 'Piece'
     1>A:\temp\Blueprints_Gravitris\Blueprints_Tetris\Board.cpp(217,24): error C2039: 'getPosY': is not a member of 'Piece'
       A:\temp\Blueprints_Gravitris\Blueprints_Tetris\Piece.h(8): message : see declaration of 'Piece'
     1>A:\temp\Blueprints_Gravitris\Blueprints_Tetris\Board.cpp(218,25): error C2039: 'PIVOT_X': is not a member of 'Piece'
       A:\temp\Blueprints_Gravitris\Blueprints_Tetris\Piece.h(8): message : see declaration of 'Piece'
     1>A:\temp\Blueprints_Gravitris\Blueprints_Tetris\Board.cpp(218,32): error C2065: 'PIVOT_X': undeclared identifier
     1>A:\temp\Blueprints_Gravitris\Blueprints_Tetris\Board.cpp(219,25): error C2039: 'PIVOT_Y': is not a member of 'Piece'
       A:\temp\Blueprints_Gravitris\Blueprints_Tetris\Piece.h(8): message : see declaration of 'Piece'
     1>A:\temp\Blueprints_Gravitris\Blueprints_Tetris\Board.cpp(219,32): error C2065: 'PIVOT_Y': undeclared identifier
     1>A:\temp\Blueprints_Gravitris\Blueprints_Tetris\Board.cpp(220,19): error C2039: 'getType': is not a member of 'Piece'
       A:\temp\Blueprints_Gravitris\Blueprints_Tetris\Piece.h(8): message : see declaration of 'Piece'
     1>A:\temp\Blueprints_Gravitris\Blueprints_Tetris\Board.cpp(221,19): error C2039: 'getRotation': is not a member of 'Piece'
       A:\temp\Blueprints_Gravitris\Blueprints_Tetris\Piece.h(8): message : see declaration of 'Piece'
     1>A:\temp\Blueprints_Gravitris\Blueprints_Tetris\Board.cpp(216,9): error C2661: 'Board::flood': no overloaded function takes 5 arguments
     1>A:\temp\Blueprints_Gravitris\Blueprints_Tetris\Board.cpp(226,80): error C2039: 'Tetrimino_Types': is not a member of 'Piece'
       A:\temp\Blueprints_Gravitris\Blueprints_Tetris\Piece.h(8): message : see declaration of 'Piece'
     1>A:\temp\Blueprints_Gravitris\Blueprints_Tetris\Board.cpp(226,96): error C2061: syntax error: identifier 'Tetrimino_Types'
     1>A:\temp\Blueprints_Gravitris\Blueprints_Tetris\Board.cpp(229,46): error C2039: 'MATRIX_SIZE': is not a member of 'Piece'
       A:\temp\Blueprints_Gravitris\Blueprints_Tetris\Piece.h(8): message : see declaration of 'Piece'
     1>A:\temp\Blueprints_Gravitris\Blueprints_Tetris\Board.cpp(229,12): error C2065: 'MATRIX_SIZE': undeclared identifier
     1>A:\temp\Blueprints_Gravitris\Blueprints_Tetris\Board.cpp(230,49): error C2039: 'MATRIX_SIZE': is not a member of 'Piece'
       A:\temp\Blueprints_Gravitris\Blueprints_Tetris\Piece.h(8): message : see declaration of 'Piece'
     1>A:\temp\Blueprints_Gravitris\Blueprints_Tetris\Board.cpp(230,1): error C2065: 'MATRIX_SIZE': undeclared identifier
     1>A:\temp\Blueprints_Gravitris\Blueprints_Tetris\Board.cpp(233,16): error C2065: 'visited': undeclared identifier
     1>A:\temp\Blueprints_Gravitris\Blueprints_Tetris\Board.cpp(234,23): error C2039: 'Tetrimino_Pieces': is not a member of 'Piece'
       A:\temp\Blueprints_Gravitris\Blueprints_Tetris\Piece.h(8): message : see declaration of 'Piece'
     1>A:\temp\Blueprints_Gravitris\Blueprints_Tetris\Board.cpp(234,1): error C2065: 'Tetrimino_Pieces': undeclared identifier
     1>A:\temp\Blueprints_Gravitris\Blueprints_Tetris\Board.cpp(234,40): error C2065: 'type': undeclared identifier
     1>A:\temp\Blueprints_Gravitris\Blueprints_Tetris\Board.cpp(234,46): error C2065: 'rotation': undeclared identifier
     1>A:\temp\Blueprints_Gravitris\Blueprints_Tetris\Board.cpp(238,9): error C2065: 'visited': undeclared identifier
     1>A:\temp\Blueprints_Gravitris\Blueprints_Tetris\Board.cpp(241,52): error C2065: 'value': undeclared identifier
     1>A:\temp\Blueprints_Gravitris\Blueprints_Tetris\Board.cpp(244,57): error C2065: 'type': undeclared identifier
     1>A:\temp\Blueprints_Gravitris\Blueprints_Tetris\Board.cpp(244,63): error C2065: 'rotation': undeclared identifier
     1>A:\temp\Blueprints_Gravitris\Blueprints_Tetris\Board.cpp(244,73): error C2065: 'visited': undeclared identifier
     1>A:\temp\Blueprints_Gravitris\Blueprints_Tetris\Board.cpp(244,82): error C2065: 'value': undeclared identifier
     1>A:\temp\Blueprints_Gravitris\Blueprints_Tetris\Board.cpp(245,57): error C2065: 'type': undeclared identifier
     1>A:\temp\Blueprints_Gravitris\Blueprints_Tetris\Board.cpp(245,63): error C2065: 'rotation': undeclared identifier
     1>A:\temp\Blueprints_Gravitris\Blueprints_Tetris\Board.cpp(245,73): error C2065: 'visited': undeclared identifier
     1>A:\temp\Blueprints_Gravitris\Blueprints_Tetris\Board.cpp(245,82): error C2065: 'value': undeclared identifier
     1>A:\temp\Blueprints_Gravitris\Blueprints_Tetris\Board.cpp(246,57): error C2065: 'type': undeclared identifier
     1>A:\temp\Blueprints_Gravitris\Blueprints_Tetris\Board.cpp(246,63): error C2065: 'rotation': undeclared identifier
     1>A:\temp\Blueprints_Gravitris\Blueprints_Tetris\Board.cpp(246,73): error C2065: 'visited': undeclared identifier
     1>A:\temp\Blueprints_Gravitris\Blueprints_Tetris\Board.cpp(246,82): error C2065: 'value': undeclared identifier
     1>A:\temp\Blueprints_Gravitris\Blueprints_Tetris\Board.cpp(247,57): error C2065: 'type': undeclared identifier
     1>A:\temp\Blueprints_Gravitris\Blueprints_Tetris\Board.cpp(247,63): error C2065: 'rotation': undeclared identifier
     1>A:\temp\Blueprints_Gravitris\Blueprints_Tetris\Board.cpp(247,73): error C2065: 'visited': undeclared identifier
     1>A:\temp\Blueprints_Gravitris\Blueprints_Tetris\Board.cpp(247,82): error C2065: 'value': undeclared identifier
     1>A:\temp\Blueprints_Gravitris\Blueprints_Tetris\Board.cpp(250,80): error C2039: 'Tetrimino_Types': is not a member of 'Piece'
       A:\temp\Blueprints_Gravitris\Blueprints_Tetris\Piece.h(8): message : see declaration of 'Piece'
     1>A:\temp\Blueprints_Gravitris\Blueprints_Tetris\Board.cpp(250,96): error C2061: syntax error: identifier 'Tetrimino_Types'
     1>A:\temp\Blueprints_Gravitris\Blueprints_Tetris\Board.cpp(250,96): fatal error C1003: error count exceeds 100; stopping compilation
         Configuration.cpp
         Game.cpp
     1>A:\temp\Blueprints_Gravitris\Blueprints_Tetris\Piece.h(22,25): warning C4240: nonstandard extension used: access to 'Piece::TetriminoTypes' now defined to be 'public', previously it was defined to be 'private'
       A:\temp\Blueprints_Gravitris\Blueprints_Tetris\Piece.h(12): message : see declaration of 'Piece::TetriminoTypes'
     1>A:\temp\Blueprints_Gravitris\Blueprints_Tetris\Board.h(48,77): error C2039: 'Tetrimino_Types': is not a member of 'Piece'
       A:\temp\Blueprints_Gravitris\Blueprints_Tetris\Piece.h(8): message : see declaration of 'Piece'
     1>A:\temp\Blueprints_Gravitris\Blueprints_Tetris\Board.h(48,93): error C2061: syntax error: identifier 'Tetrimino_Types'
     1>A:\temp\Blueprints_Gravitris\Blueprints_Tetris\Board.h(49,77): error C2039: 'Tetrimino_Types': is not a member of 'Piece'
       A:\temp\Blueprints_Gravitris\Blueprints_Tetris\Piece.h(8): message : see declaration of 'Piece'
     1>A:\temp\Blueprints_Gravitris\Blueprints_Tetris\Board.h(49,93): error C2061: syntax error: identifier 'Tetrimino_Types'
     1>A:\temp\Blueprints_Gravitris\Blueprints_Tetris\Board.h(49,160): error C2535: 'void Board::flood(int,int,int,int)': member function already defined or declared
       A:\temp\Blueprints_Gravitris\Blueprints_Tetris\Board.h(48): message : see declaration of 'Board::flood'
     1>A:\temp\Blueprints_Gravitris\Blueprints_Tetris\random.h(9,15): warning C4244: 'argument': conversion from 'time_t' to 'unsigned int', possible loss of data
     1>A:\temp\Blueprints_Gravitris\Blueprints_Tetris\Game.cpp(103,75): error C2039: 'getTimeSinceLastMove': is not a member of 'Piece'
       A:\temp\Blueprints_Gravitris\Blueprints_Tetris\Piece.h(8): message : see declaration of 'Piece'
     1>A:\temp\Blueprints_Gravitris\Blueprints_Tetris\Game.cpp(105,53): warning C4244: 'argument': conversion from 'const _Ty' to 'float', possible loss of data
                 with
                 [
                     _Ty=double
                 ]
     1>A:\temp\Blueprints_Gravitris\Blueprints_Tetris\Game.cpp(135,47): error C2039: 'Tetrimino_Types': is not a member of 'Piece'
       A:\temp\Blueprints_Gravitris\Blueprints_Tetris\Piece.h(8): message : see declaration of 'Piece'
     1>A:\temp\Blueprints_Gravitris\Blueprints_Tetris\Game.cpp(135,62): error C2065: 'Tetrimino_Types': undeclared identifier
     1>A:\temp\Blueprints_Gravitris\Blueprints_Tetris\Game.cpp(135,63): error C2146: syntax error: missing ')' before identifier 'random'
     1>A:\temp\Blueprints_Gravitris\Blueprints_Tetris\Game.cpp(135,63): error C2146: syntax error: missing ';' before identifier 'random'
     1>A:\temp\Blueprints_Gravitris\Blueprints_Tetris\Game.cpp(135,80): error C3083: 'Tetrimino_Types': the symbol to the left of a '::' must be a type
     1>A:\temp\Blueprints_Gravitris\Blueprints_Tetris\Game.cpp(135,109): error C2059: syntax error: ')'
     1>A:\temp\Blueprints_Gravitris\Blueprints_Tetris\Game.cpp(135,110): error C2059: syntax error: ')'
         Piece.cpp
     1>A:\temp\Blueprints_Gravitris\Blueprints_Tetris\Piece.h(22,25): warning C4240: nonstandard extension used: access to 'Piece::TetriminoTypes' now defined to be 'public', previously it was defined to be 'private'
       A:\temp\Blueprints_Gravitris\Blueprints_Tetris\Piece.h(12): message : see declaration of 'Piece::TetriminoTypes'
     1>A:\temp\Blueprints_Gravitris\Blueprints_Tetris\Piece.cpp(18,101): warning C4244: 'argument': conversion from 'T' to 'float32', possible loss of data
                 with
                 [
                     T=double
                 ]
     1>A:\temp\Blueprints_Gravitris\Blueprints_Tetris\Piece.cpp(18,59): warning C4244: 'argument': conversion from 'T' to 'float32', possible loss of data
                 with
                 [
                     T=double
                 ]
     1>A:\temp\Blueprints_Gravitris\Blueprints_Tetris\Piece.cpp(100,119): warning C4244: 'argument': conversion from 'T' to 'float32', possible loss of data
                 with
                 [
                     T=double
                 ]
     1>A:\temp\Blueprints_Gravitris\Blueprints_Tetris\Piece.cpp(100,51): warning C4244: 'argument': conversion from 'T' to 'float32', possible loss of data
                 with
                 [
                     T=double
                 ]
     1>A:\temp\Blueprints_Gravitris\Blueprints_Tetris\Piece.cpp(99,102): warning C4244: 'argument': conversion from 'T' to 'float32', possible loss of data
                 with
                 [
                     T=double
                 ]
     1>A:\temp\Blueprints_Gravitris\Blueprints_Tetris\Piece.cpp(99,55): warning C4244: 'argument': conversion from 'T' to 'float32', possible loss of data
                 with
                 [
                     T=double
                 ]
     1>A:\temp\Blueprints_Gravitris\Blueprints_Tetris\Piece.cpp(105,33): warning C4305: '=': truncation from 'double' to 'float32'
     1>A:\temp\Blueprints_Gravitris\Blueprints_Tetris\Piece.cpp(146,63): warning C4244: 'argument': conversion from 'T' to 'float32', possible loss of data
                 with
                 [
                     T=int
                 ]
     1>A:\temp\Blueprints_Gravitris\Blueprints_Tetris\Converter.h(21,23): warning C4244: 'return': conversion from 'double' to 'T', possible loss of data
                 with
                 [
                     T=float
                 ]
       A:\temp\Blueprints_Gravitris\Blueprints_Tetris\Piece.cpp(20): message : see reference to function template instantiation 'T converter::degToRad<float>(const T &)' being compiled
                 with
                 [
                     T=float
                 ]
     1>A:\temp\Blueprints_Gravitris\Blueprints_Tetris\Converter.h(15,18): warning C4244: 'return': conversion from 'double' to 'T', possible loss of data
                 with
                 [
                     T=float32
                 ]
       A:\temp\Blueprints_Gravitris\Blueprints_Tetris\Piece.cpp(133): message : see reference to function template instantiation 'T converter::metersToPixels<float32>(const T &)' being compiled
                 with
                 [
                     T=float32
                 ]
     1>A:\temp\Blueprints_Gravitris\Blueprints_Tetris\Converter.h(9,18): warning C4244: 'return': conversion from 'double' to 'T', possible loss of data
                 with
                 [
                     T=int
                 ]
       A:\temp\Blueprints_Gravitris\Blueprints_Tetris\Piece.cpp(146): message : see reference to function template instantiation 'T converter::pixelsToMeters<int>(const T &)' being compiled
                 with
                 [
                     T=int
                 ]
         Source.cpp
     1>A:\temp\Blueprints_Gravitris\Blueprints_Tetris\Source.cpp(11,34): error C2039: 'pixel_to_meters': is not a member of 'converter'
       A:\temp\Blueprints_Gravitris\Blueprints_Tetris\Converter.h(1): message : see declaration of 'converter'
     1>A:\temp\Blueprints_Gravitris\Blueprints_Tetris\Source.cpp(11,50): error C2062: type 'double' unexpected
     1>A:\temp\Blueprints_Gravitris\Blueprints_Tetris\Source.cpp(11,77): error C2039: 'pixel_to_meters': is not a member of 'converter'
       A:\temp\Blueprints_Gravitris\Blueprints_Tetris\Converter.h(1): message : see declaration of 'converter'
     1>A:\temp\Blueprints_Gravitris\Blueprints_Tetris\Source.cpp(16,30): error C2039: 'pixel_to_meters': is not a member of 'converter'
       A:\temp\Blueprints_Gravitris\Blueprints_Tetris\Converter.h(1): message : see declaration of 'converter'
     1>A:\temp\Blueprints_Gravitris\Blueprints_Tetris\Source.cpp(16,46): error C2062: type 'double' unexpected
     1>A:\temp\Blueprints_Gravitris\Blueprints_Tetris\Source.cpp(16,78): error C2039: 'pixel_to_meters': is not a member of 'converter'
       A:\temp\Blueprints_Gravitris\Blueprints_Tetris\Converter.h(1): message : see declaration of 'converter'
     1>A:\temp\Blueprints_Gravitris\Blueprints_Tetris\Source.cpp(20,27): warning C4305: '=': truncation from 'double' to 'float32'
     1>A:\temp\Blueprints_Gravitris\Blueprints_Tetris\Source.cpp(27,65): warning C4244: 'argument': conversion from 'int' to 'T', possible loss of data
                 with
                 [
                     T=float
                 ]
     1>A:\temp\Blueprints_Gravitris\Blueprints_Tetris\Source.cpp(27,57): warning C4244: 'argument': conversion from 'int' to 'T', possible loss of data
                 with
                 [
                     T=float
                 ]
     1>A:\temp\Blueprints_Gravitris\Blueprints_Tetris\Source.cpp(28,40): warning C4244: 'argument': conversion from 'double' to 'float', possible loss of data
     1>A:\temp\Blueprints_Gravitris\Blueprints_Tetris\Source.cpp(28,26): warning C4244: 'argument': conversion from 'double' to 'float', possible loss of data
     1>A:\temp\Blueprints_Gravitris\Blueprints_Tetris\Source.cpp(29,41): warning C4244: 'argument': conversion from 'int' to 'T', possible loss of data
                 with
                 [
                     T=float
                 ]
     1>A:\temp\Blueprints_Gravitris\Blueprints_Tetris\Source.cpp(29,34): warning C4244: 'argument': conversion from 'int' to 'T', possible loss of data
                 with
                 [
                     T=float
                 ]
     1>A:\temp\Blueprints_Gravitris\Blueprints_Tetris\Source.cpp(42,41): warning C4305: 'argument': truncation from 'double' to 'float32'
     1>A:\temp\Blueprints_Gravitris\Blueprints_Tetris\Source.cpp(47,33): error C2039: 'meters_to_pixels': is not a member of 'converter'
       A:\temp\Blueprints_Gravitris\Blueprints_Tetris\Converter.h(1): message : see declaration of 'converter'
     1>A:\temp\Blueprints_Gravitris\Blueprints_Tetris\Source.cpp(47,49): error C3861: 'meters_to_pixels': identifier not found
     1>A:\temp\Blueprints_Gravitris\Blueprints_Tetris\Source.cpp(47,85): error C2039: 'meters_to_pixels': is not a member of 'converter'
       A:\temp\Blueprints_Gravitris\Blueprints_Tetris\Converter.h(1): message : see declaration of 'converter'
     1>A:\temp\Blueprints_Gravitris\Blueprints_Tetris\Source.cpp(47,101): error C3861: 'meters_to_pixels': identifier not found
     1>A:\temp\Blueprints_Gravitris\Blueprints_Tetris\Source.cpp(48,33): error C2039: 'rad_to_deg': is not a member of 'converter'
       A:\temp\Blueprints_Gravitris\Blueprints_Tetris\Converter.h(1): message : see declaration of 'converter'
     1>A:\temp\Blueprints_Gravitris\Blueprints_Tetris\Source.cpp(48,44): error C2062: type 'double' unexpected
         Stats.cpp
         Generating Code...
     1>Done Building Project "A:\temp\Blueprints_Gravitris\Blueprints_Tetris\Blueprints_Tetris.vcxproj" (Build target(s)) -- FAILED.

Build FAILED.

       "A:\temp\Blueprints_Gravitris\Blueprints_Tetris\Blueprints_Tetris.vcxproj" (Build target) (1) ->
       (ClCompile target) -> 
         A:\temp\Blueprints_Gravitris\Blueprints_Tetris\Piece.h(22,25): warning C4240: nonstandard extension used: access to 'Piece::TetriminoTypes' now defined to be 'public', previously it was defined to be 'private'
         A:\temp\Blueprints_Gravitris\Blueprints_Tetris\Board.cpp(26,57): warning C4244: 'argument': conversion from 'int' to 'T', possible loss of data
         A:\temp\Blueprints_Gravitris\Blueprints_Tetris\Board.cpp(27,77): warning C4244: 'argument': conversion from 'int' to 'T', possible loss of data
         A:\temp\Blueprints_Gravitris\Blueprints_Tetris\Board.cpp(27,65): warning C4244: 'argument': conversion from 'int' to 'T', possible loss of data
         A:\temp\Blueprints_Gravitris\Blueprints_Tetris\Board.cpp(34,73): warning C4244: 'argument': conversion from 'int' to 'T', possible loss of data
         A:\temp\Blueprints_Gravitris\Blueprints_Tetris\Board.cpp(35,94): warning C4244: 'argument': conversion from 'int' to 'T', possible loss of data
         A:\temp\Blueprints_Gravitris\Blueprints_Tetris\Board.cpp(35,77): warning C4244: 'argument': conversion from 'int' to 'T', possible loss of data
         A:\temp\Blueprints_Gravitris\Blueprints_Tetris\Board.cpp(58,71): warning C4244: 'argument': conversion from 'const int' to 'T', possible loss of data
         A:\temp\Blueprints_Gravitris\Blueprints_Tetris\Board.cpp(58,63): warning C4244: 'argument': conversion from 'const int' to 'T', possible loss of data
         A:\temp\Blueprints_Gravitris\Blueprints_Tetris\Board.cpp(60,57): warning C4244: 'argument': conversion from 'int' to 'float', possible loss of data
         A:\temp\Blueprints_Gravitris\Blueprints_Tetris\Board.cpp(60,45): warning C4244: 'argument': conversion from 'int' to 'float', possible loss of data
         A:\temp\Blueprints_Gravitris\Blueprints_Tetris\Piece.h(22,25): warning C4240: nonstandard extension used: access to 'Piece::TetriminoTypes' now defined to be 'public', previously it was defined to be 'private'
         A:\temp\Blueprints_Gravitris\Blueprints_Tetris\random.h(9,15): warning C4244: 'argument': conversion from 'time_t' to 'unsigned int', possible loss of data
         A:\temp\Blueprints_Gravitris\Blueprints_Tetris\Game.cpp(105,53): warning C4244: 'argument': conversion from 'const _Ty' to 'float', possible loss of data
         A:\temp\Blueprints_Gravitris\Blueprints_Tetris\Piece.h(22,25): warning C4240: nonstandard extension used: access to 'Piece::TetriminoTypes' now defined to be 'public', previously it was defined to be 'private'
         A:\temp\Blueprints_Gravitris\Blueprints_Tetris\Piece.cpp(18,101): warning C4244: 'argument': conversion from 'T' to 'float32', possible loss of data
         A:\temp\Blueprints_Gravitris\Blueprints_Tetris\Piece.cpp(18,59): warning C4244: 'argument': conversion from 'T' to 'float32', possible loss of data
         A:\temp\Blueprints_Gravitris\Blueprints_Tetris\Piece.cpp(100,119): warning C4244: 'argument': conversion from 'T' to 'float32', possible loss of data
         A:\temp\Blueprints_Gravitris\Blueprints_Tetris\Piece.cpp(100,51): warning C4244: 'argument': conversion from 'T' to 'float32', possible loss of data
         A:\temp\Blueprints_Gravitris\Blueprints_Tetris\Piece.cpp(99,102): warning C4244: 'argument': conversion from 'T' to 'float32', possible loss of data
         A:\temp\Blueprints_Gravitris\Blueprints_Tetris\Piece.cpp(99,55): warning C4244: 'argument': conversion from 'T' to 'float32', possible loss of data
         A:\temp\Blueprints_Gravitris\Blueprints_Tetris\Piece.cpp(105,33): warning C4305: '=': truncation from 'double' to 'float32'
         A:\temp\Blueprints_Gravitris\Blueprints_Tetris\Piece.cpp(146,63): warning C4244: 'argument': conversion from 'T' to 'float32', possible loss of data
         A:\temp\Blueprints_Gravitris\Blueprints_Tetris\Converter.h(21,23): warning C4244: 'return': conversion from 'double' to 'T', possible loss of data
         A:\temp\Blueprints_Gravitris\Blueprints_Tetris\Converter.h(15,18): warning C4244: 'return': conversion from 'double' to 'T', possible loss of data
         A:\temp\Blueprints_Gravitris\Blueprints_Tetris\Converter.h(9,18): warning C4244: 'return': conversion from 'double' to 'T', possible loss of data
         A:\temp\Blueprints_Gravitris\Blueprints_Tetris\Source.cpp(20,27): warning C4305: '=': truncation from 'double' to 'float32'
         A:\temp\Blueprints_Gravitris\Blueprints_Tetris\Source.cpp(27,65): warning C4244: 'argument': conversion from 'int' to 'T', possible loss of data
         A:\temp\Blueprints_Gravitris\Blueprints_Tetris\Source.cpp(27,57): warning C4244: 'argument': conversion from 'int' to 'T', possible loss of data
         A:\temp\Blueprints_Gravitris\Blueprints_Tetris\Source.cpp(28,40): warning C4244: 'argument': conversion from 'double' to 'float', possible loss of data
         A:\temp\Blueprints_Gravitris\Blueprints_Tetris\Source.cpp(28,26): warning C4244: 'argument': conversion from 'double' to 'float', possible loss of data
         A:\temp\Blueprints_Gravitris\Blueprints_Tetris\Source.cpp(29,41): warning C4244: 'argument': conversion from 'int' to 'T', possible loss of data
         A:\temp\Blueprints_Gravitris\Blueprints_Tetris\Source.cpp(29,34): warning C4244: 'argument': conversion from 'int' to 'T', possible loss of data
         A:\temp\Blueprints_Gravitris\Blueprints_Tetris\Source.cpp(42,41): warning C4305: 'argument': truncation from 'double' to 'float32'


       "A:\temp\Blueprints_Gravitris\Blueprints_Tetris\Blueprints_Tetris.vcxproj" (Build target) (1) ->
       (ClCompile target) -> 
         A:\temp\Blueprints_Gravitris\Blueprints_Tetris\Board.h(48,77): error C2039: 'Tetrimino_Types': is not a member of 'Piece'
         A:\temp\Blueprints_Gravitris\Blueprints_Tetris\Board.h(48,93): error C2061: syntax error: identifier 'Tetrimino_Types'
         A:\temp\Blueprints_Gravitris\Blueprints_Tetris\Board.h(49,77): error C2039: 'Tetrimino_Types': is not a member of 'Piece'
         A:\temp\Blueprints_Gravitris\Blueprints_Tetris\Board.h(49,93): error C2061: syntax error: identifier 'Tetrimino_Types'
         A:\temp\Blueprints_Gravitris\Blueprints_Tetris\Board.h(49,160): error C2535: 'void Board::flood(int,int,int,int)': member function already defined or declared
         A:\temp\Blueprints_Gravitris\Blueprints_Tetris\Board.cpp(59,51): error C2039: 'Tetrimino_colors': is not a member of 'Piece'
         A:\temp\Blueprints_Gravitris\Blueprints_Tetris\Board.cpp(59,67): error C2065: 'Tetrimino_colors': undeclared identifier
         A:\temp\Blueprints_Gravitris\Blueprints_Tetris\Board.cpp(72,15): error C2039: 'setPosition': is not a member of 'Piece'
         A:\temp\Blueprints_Gravitris\Blueprints_Tetris\Board.cpp(86,26): error C2039: 'getPosX': is not a member of 'Piece'
         A:\temp\Blueprints_Gravitris\Blueprints_Tetris\Board.cpp(87,26): error C2039: 'getPosY': is not a member of 'Piece'
         A:\temp\Blueprints_Gravitris\Blueprints_Tetris\Board.cpp(93,29): error C2039: 'MATRIX_SIZE': is not a member of 'Piece'
         A:\temp\Blueprints_Gravitris\Blueprints_Tetris\Board.cpp(93,40): error C2065: 'MATRIX_SIZE': undeclared identifier
         A:\temp\Blueprints_Gravitris\Blueprints_Tetris\Board.cpp(93,49): error C2039: 'MATRIX_SIZE': is not a member of 'Piece'
         A:\temp\Blueprints_Gravitris\Blueprints_Tetris\Board.cpp(93,60): error C2065: 'MATRIX_SIZE': undeclared identifier
         A:\temp\Blueprints_Gravitris\Blueprints_Tetris\Board.cpp(98,25): error C2039: 'PIVOT_X': is not a member of 'Piece'
         A:\temp\Blueprints_Gravitris\Blueprints_Tetris\Board.cpp(98,32): error C2065: 'PIVOT_X': undeclared identifier
         A:\temp\Blueprints_Gravitris\Blueprints_Tetris\Board.cpp(99,25): error C2039: 'PIVOT_Y': is not a member of 'Piece'
         A:\temp\Blueprints_Gravitris\Blueprints_Tetris\Board.cpp(99,32): error C2065: 'PIVOT_Y': undeclared identifier
         A:\temp\Blueprints_Gravitris\Blueprints_Tetris\Board.cpp(100,19): error C2039: 'getType': is not a member of 'Piece'
         A:\temp\Blueprints_Gravitris\Blueprints_Tetris\Board.cpp(101,19): error C2039: 'getRotation': is not a member of 'Piece'
         A:\temp\Blueprints_Gravitris\Blueprints_Tetris\Board.cpp(107,19): error C2039: 'setPosition': is not a member of 'Piece'
         A:\temp\Blueprints_Gravitris\Blueprints_Tetris\Board.cpp(118,29): error C2039: 'MATRIX_SIZE': is not a member of 'Piece'
         A:\temp\Blueprints_Gravitris\Blueprints_Tetris\Board.cpp(118,40): error C2065: 'MATRIX_SIZE': undeclared identifier
         A:\temp\Blueprints_Gravitris\Blueprints_Tetris\Board.cpp(118,49): error C2039: 'MATRIX_SIZE': is not a member of 'Piece'
         A:\temp\Blueprints_Gravitris\Blueprints_Tetris\Board.cpp(118,60): error C2065: 'MATRIX_SIZE': undeclared identifier
         A:\temp\Blueprints_Gravitris\Blueprints_Tetris\Board.cpp(121,21): error C2039: 'getPosX': is not a member of 'Piece'
         A:\temp\Blueprints_Gravitris\Blueprints_Tetris\Board.cpp(122,19): error C2039: 'getPosY': is not a member of 'Piece'
         A:\temp\Blueprints_Gravitris\Blueprints_Tetris\Board.cpp(123,25): error C2039: 'PIVOT_X': is not a member of 'Piece'
         A:\temp\Blueprints_Gravitris\Blueprints_Tetris\Board.cpp(123,32): error C2065: 'PIVOT_X': undeclared identifier
         A:\temp\Blueprints_Gravitris\Blueprints_Tetris\Board.cpp(124,25): error C2039: 'PIVOT_Y': is not a member of 'Piece'
         A:\temp\Blueprints_Gravitris\Blueprints_Tetris\Board.cpp(124,32): error C2065: 'PIVOT_Y': undeclared identifier
         A:\temp\Blueprints_Gravitris\Blueprints_Tetris\Board.cpp(125,19): error C2039: 'getType': is not a member of 'Piece'
         A:\temp\Blueprints_Gravitris\Blueprints_Tetris\Board.cpp(126,19): error C2039: 'getRotation': is not a member of 'Piece'
         A:\temp\Blueprints_Gravitris\Blueprints_Tetris\Board.cpp(121,9): error C2661: 'Board::flood': no overloaded function takes 5 arguments
         A:\temp\Blueprints_Gravitris\Blueprints_Tetris\Board.cpp(144,30): error C2039: 'getRotation': is not a member of 'Piece'
         A:\temp\Blueprints_Gravitris\Blueprints_Tetris\Board.cpp(148,31): error C2039: 'NB_ROTATIONS': is not a member of 'Piece'
         A:\temp\Blueprints_Gravitris\Blueprints_Tetris\Board.cpp(148,44): error C2065: 'NB_ROTATIONS': undeclared identifier
         A:\temp\Blueprints_Gravitris\Blueprints_Tetris\Board.cpp(155,30): error C2039: 'getRotation': is not a member of 'Piece'
         A:\temp\Blueprints_Gravitris\Blueprints_Tetris\Board.cpp(156,31): error C2039: 'NB_ROTATIONS': is not a member of 'Piece'
         A:\temp\Blueprints_Gravitris\Blueprints_Tetris\Board.cpp(156,12): error C2065: 'NB_ROTATIONS': undeclared identifier
         A:\temp\Blueprints_Gravitris\Blueprints_Tetris\Board.cpp(172,9): error C2039: 'NB_ROTATIONS': is not a member of 'Piece'
         A:\temp\Blueprints_Gravitris\Blueprints_Tetris\Board.cpp(172,9): error C2065: 'NB_ROTATIONS': undeclared identifier
         A:\temp\Blueprints_Gravitris\Blueprints_Tetris\Board.cpp(178,29): error C2039: 'MATRIX_SIZE': is not a member of 'Piece'
         A:\temp\Blueprints_Gravitris\Blueprints_Tetris\Board.cpp(178,40): error C2065: 'MATRIX_SIZE': undeclared identifier
         A:\temp\Blueprints_Gravitris\Blueprints_Tetris\Board.cpp(178,49): error C2039: 'MATRIX_SIZE': is not a member of 'Piece'
         A:\temp\Blueprints_Gravitris\Blueprints_Tetris\Board.cpp(178,60): error C2065: 'MATRIX_SIZE': undeclared identifier
         A:\temp\Blueprints_Gravitris\Blueprints_Tetris\Board.cpp(181,26): error C2039: 'getPosX': is not a member of 'Piece'
         A:\temp\Blueprints_Gravitris\Blueprints_Tetris\Board.cpp(182,24): error C2039: 'getPosY': is not a member of 'Piece'
         A:\temp\Blueprints_Gravitris\Blueprints_Tetris\Board.cpp(183,25): error C2039: 'PIVOT_X': is not a member of 'Piece'
         A:\temp\Blueprints_Gravitris\Blueprints_Tetris\Board.cpp(183,32): error C2065: 'PIVOT_X': undeclared identifier
         A:\temp\Blueprints_Gravitris\Blueprints_Tetris\Board.cpp(184,25): error C2039: 'PIVOT_Y': is not a member of 'Piece'
         A:\temp\Blueprints_Gravitris\Blueprints_Tetris\Board.cpp(184,32): error C2065: 'PIVOT_Y': undeclared identifier
         A:\temp\Blueprints_Gravitris\Blueprints_Tetris\Board.cpp(185,19): error C2039: 'getType': is not a member of 'Piece'
         A:\temp\Blueprints_Gravitris\Blueprints_Tetris\Board.cpp(181,9): error C2661: 'Board::flood': no overloaded function takes 6 arguments
         A:\temp\Blueprints_Gravitris\Blueprints_Tetris\Board.cpp(192,19): error C2039: 'setRotation': is not a member of 'Piece'
         A:\temp\Blueprints_Gravitris\Blueprints_Tetris\Board.cpp(202,28): error C2039: 'getType': is not a member of 'Piece'
         A:\temp\Blueprints_Gravitris\Blueprints_Tetris\Board.cpp(202,37): error C2661: 'Board::flood': no overloaded function takes 1 arguments
         A:\temp\Blueprints_Gravitris\Blueprints_Tetris\Board.cpp(214,29): error C2039: 'MATRIX_SIZE': is not a member of 'Piece'
         A:\temp\Blueprints_Gravitris\Blueprints_Tetris\Board.cpp(214,40): error C2065: 'MATRIX_SIZE': undeclared identifier
         A:\temp\Blueprints_Gravitris\Blueprints_Tetris\Board.cpp(214,49): error C2039: 'MATRIX_SIZE': is not a member of 'Piece'
         A:\temp\Blueprints_Gravitris\Blueprints_Tetris\Board.cpp(214,60): error C2065: 'MATRIX_SIZE': undeclared identifier
         A:\temp\Blueprints_Gravitris\Blueprints_Tetris\Board.cpp(216,26): error C2039: 'getPosX': is not a member of 'Piece'
         A:\temp\Blueprints_Gravitris\Blueprints_Tetris\Board.cpp(217,24): error C2039: 'getPosY': is not a member of 'Piece'
         A:\temp\Blueprints_Gravitris\Blueprints_Tetris\Board.cpp(218,25): error C2039: 'PIVOT_X': is not a member of 'Piece'
         A:\temp\Blueprints_Gravitris\Blueprints_Tetris\Board.cpp(218,32): error C2065: 'PIVOT_X': undeclared identifier
         A:\temp\Blueprints_Gravitris\Blueprints_Tetris\Board.cpp(219,25): error C2039: 'PIVOT_Y': is not a member of 'Piece'
         A:\temp\Blueprints_Gravitris\Blueprints_Tetris\Board.cpp(219,32): error C2065: 'PIVOT_Y': undeclared identifier
         A:\temp\Blueprints_Gravitris\Blueprints_Tetris\Board.cpp(220,19): error C2039: 'getType': is not a member of 'Piece'
         A:\temp\Blueprints_Gravitris\Blueprints_Tetris\Board.cpp(221,19): error C2039: 'getRotation': is not a member of 'Piece'
         A:\temp\Blueprints_Gravitris\Blueprints_Tetris\Board.cpp(216,9): error C2661: 'Board::flood': no overloaded function takes 5 arguments
         A:\temp\Blueprints_Gravitris\Blueprints_Tetris\Board.cpp(226,80): error C2039: 'Tetrimino_Types': is not a member of 'Piece'
         A:\temp\Blueprints_Gravitris\Blueprints_Tetris\Board.cpp(226,96): error C2061: syntax error: identifier 'Tetrimino_Types'
         A:\temp\Blueprints_Gravitris\Blueprints_Tetris\Board.cpp(229,46): error C2039: 'MATRIX_SIZE': is not a member of 'Piece'
         A:\temp\Blueprints_Gravitris\Blueprints_Tetris\Board.cpp(229,12): error C2065: 'MATRIX_SIZE': undeclared identifier
         A:\temp\Blueprints_Gravitris\Blueprints_Tetris\Board.cpp(230,49): error C2039: 'MATRIX_SIZE': is not a member of 'Piece'
         A:\temp\Blueprints_Gravitris\Blueprints_Tetris\Board.cpp(230,1): error C2065: 'MATRIX_SIZE': undeclared identifier
         A:\temp\Blueprints_Gravitris\Blueprints_Tetris\Board.cpp(233,16): error C2065: 'visited': undeclared identifier
         A:\temp\Blueprints_Gravitris\Blueprints_Tetris\Board.cpp(234,23): error C2039: 'Tetrimino_Pieces': is not a member of 'Piece'
         A:\temp\Blueprints_Gravitris\Blueprints_Tetris\Board.cpp(234,1): error C2065: 'Tetrimino_Pieces': undeclared identifier
         A:\temp\Blueprints_Gravitris\Blueprints_Tetris\Board.cpp(234,40): error C2065: 'type': undeclared identifier
         A:\temp\Blueprints_Gravitris\Blueprints_Tetris\Board.cpp(234,46): error C2065: 'rotation': undeclared identifier
         A:\temp\Blueprints_Gravitris\Blueprints_Tetris\Board.cpp(238,9): error C2065: 'visited': undeclared identifier
         A:\temp\Blueprints_Gravitris\Blueprints_Tetris\Board.cpp(241,52): error C2065: 'value': undeclared identifier
         A:\temp\Blueprints_Gravitris\Blueprints_Tetris\Board.cpp(244,57): error C2065: 'type': undeclared identifier
         A:\temp\Blueprints_Gravitris\Blueprints_Tetris\Board.cpp(244,63): error C2065: 'rotation': undeclared identifier
         A:\temp\Blueprints_Gravitris\Blueprints_Tetris\Board.cpp(244,73): error C2065: 'visited': undeclared identifier
         A:\temp\Blueprints_Gravitris\Blueprints_Tetris\Board.cpp(244,82): error C2065: 'value': undeclared identifier
         A:\temp\Blueprints_Gravitris\Blueprints_Tetris\Board.cpp(245,57): error C2065: 'type': undeclared identifier
         A:\temp\Blueprints_Gravitris\Blueprints_Tetris\Board.cpp(245,63): error C2065: 'rotation': undeclared identifier
         A:\temp\Blueprints_Gravitris\Blueprints_Tetris\Board.cpp(245,73): error C2065: 'visited': undeclared identifier
         A:\temp\Blueprints_Gravitris\Blueprints_Tetris\Board.cpp(245,82): error C2065: 'value': undeclared identifier
         A:\temp\Blueprints_Gravitris\Blueprints_Tetris\Board.cpp(246,57): error C2065: 'type': undeclared identifier
         A:\temp\Blueprints_Gravitris\Blueprints_Tetris\Board.cpp(246,63): error C2065: 'rotation': undeclared identifier
         A:\temp\Blueprints_Gravitris\Blueprints_Tetris\Board.cpp(246,73): error C2065: 'visited': undeclared identifier
         A:\temp\Blueprints_Gravitris\Blueprints_Tetris\Board.cpp(246,82): error C2065: 'value': undeclared identifier
         A:\temp\Blueprints_Gravitris\Blueprints_Tetris\Board.cpp(247,57): error C2065: 'type': undeclared identifier
         A:\temp\Blueprints_Gravitris\Blueprints_Tetris\Board.cpp(247,63): error C2065: 'rotation': undeclared identifier
         A:\temp\Blueprints_Gravitris\Blueprints_Tetris\Board.cpp(247,73): error C2065: 'visited': undeclared identifier
         A:\temp\Blueprints_Gravitris\Blueprints_Tetris\Board.cpp(247,82): error C2065: 'value': undeclared identifier
         A:\temp\Blueprints_Gravitris\Blueprints_Tetris\Board.cpp(250,80): error C2039: 'Tetrimino_Types': is not a member of 'Piece'
         A:\temp\Blueprints_Gravitris\Blueprints_Tetris\Board.cpp(250,96): error C2061: syntax error: identifier 'Tetrimino_Types'
         A:\temp\Blueprints_Gravitris\Blueprints_Tetris\Board.cpp(250,96): fatal error C1003: error count exceeds 100; stopping compilation
         A:\temp\Blueprints_Gravitris\Blueprints_Tetris\Board.h(48,77): error C2039: 'Tetrimino_Types': is not a member of 'Piece'
         A:\temp\Blueprints_Gravitris\Blueprints_Tetris\Board.h(48,93): error C2061: syntax error: identifier 'Tetrimino_Types'
         A:\temp\Blueprints_Gravitris\Blueprints_Tetris\Board.h(49,77): error C2039: 'Tetrimino_Types': is not a member of 'Piece'
         A:\temp\Blueprints_Gravitris\Blueprints_Tetris\Board.h(49,93): error C2061: syntax error: identifier 'Tetrimino_Types'
         A:\temp\Blueprints_Gravitris\Blueprints_Tetris\Board.h(49,160): error C2535: 'void Board::flood(int,int,int,int)': member function already defined or declared
         A:\temp\Blueprints_Gravitris\Blueprints_Tetris\Game.cpp(103,75): error C2039: 'getTimeSinceLastMove': is not a member of 'Piece'
         A:\temp\Blueprints_Gravitris\Blueprints_Tetris\Game.cpp(135,47): error C2039: 'Tetrimino_Types': is not a member of 'Piece'
         A:\temp\Blueprints_Gravitris\Blueprints_Tetris\Game.cpp(135,62): error C2065: 'Tetrimino_Types': undeclared identifier
         A:\temp\Blueprints_Gravitris\Blueprints_Tetris\Game.cpp(135,63): error C2146: syntax error: missing ')' before identifier 'random'
         A:\temp\Blueprints_Gravitris\Blueprints_Tetris\Game.cpp(135,63): error C2146: syntax error: missing ';' before identifier 'random'
         A:\temp\Blueprints_Gravitris\Blueprints_Tetris\Game.cpp(135,80): error C3083: 'Tetrimino_Types': the symbol to the left of a '::' must be a type
         A:\temp\Blueprints_Gravitris\Blueprints_Tetris\Game.cpp(135,109): error C2059: syntax error: ')'
         A:\temp\Blueprints_Gravitris\Blueprints_Tetris\Game.cpp(135,110): error C2059: syntax error: ')'
         A:\temp\Blueprints_Gravitris\Blueprints_Tetris\Source.cpp(11,34): error C2039: 'pixel_to_meters': is not a member of 'converter'
         A:\temp\Blueprints_Gravitris\Blueprints_Tetris\Source.cpp(11,50): error C2062: type 'double' unexpected
         A:\temp\Blueprints_Gravitris\Blueprints_Tetris\Source.cpp(11,77): error C2039: 'pixel_to_meters': is not a member of 'converter'
         A:\temp\Blueprints_Gravitris\Blueprints_Tetris\Source.cpp(16,30): error C2039: 'pixel_to_meters': is not a member of 'converter'
         A:\temp\Blueprints_Gravitris\Blueprints_Tetris\Source.cpp(16,46): error C2062: type 'double' unexpected
         A:\temp\Blueprints_Gravitris\Blueprints_Tetris\Source.cpp(16,78): error C2039: 'pixel_to_meters': is not a member of 'converter'
         A:\temp\Blueprints_Gravitris\Blueprints_Tetris\Source.cpp(47,33): error C2039: 'meters_to_pixels': is not a member of 'converter'
         A:\temp\Blueprints_Gravitris\Blueprints_Tetris\Source.cpp(47,49): error C3861: 'meters_to_pixels': identifier not found
         A:\temp\Blueprints_Gravitris\Blueprints_Tetris\Source.cpp(47,85): error C2039: 'meters_to_pixels': is not a member of 'converter'
         A:\temp\Blueprints_Gravitris\Blueprints_Tetris\Source.cpp(47,101): error C3861: 'meters_to_pixels': identifier not found
         A:\temp\Blueprints_Gravitris\Blueprints_Tetris\Source.cpp(48,33): error C2039: 'rad_to_deg': is not a member of 'converter'
         A:\temp\Blueprints_Gravitris\Blueprints_Tetris\Source.cpp(48,44): error C2062: type 'double' unexpected

    34 Warning(s)
    127 Error(s)

Time Elapsed 00:00:05.77
